-------------------------------------------------------------------------------
Test set: ELearning.Portal.PortalApplicationTests
-------------------------------------------------------------------------------
Tests run: 1, Failures: 0, Errors: 1, Skipped: 0, Time elapsed: 13.637 s <<< FAILURE! - in ELearning.Portal.PortalApplicationTests
contextLoads  Time elapsed: 0.001 s  <<< ERROR!
java.lang.IllegalStateException: Failed to load ApplicationContext
Caused by: org.springframework.beans.factory.UnsatisfiedDependencyException: Error creating bean with name 'APIController' defined in file [C:\Users\97433\Downloads\Portal\target\classes\ELearning\Portal\Controller\APIController.class]: Unsatisfied dependency expressed through constructor parameter 0; nested exception is org.springframework.beans.factory.UnsatisfiedDependencyException: Error creating bean with name 'courseServiceImpl' defined in file [C:\Users\97433\Downloads\Portal\target\classes\ELearning\Portal\Service\Impl\CourseServiceImpl.class]: Unsatisfied dependency expressed through constructor parameter 0; nested exception is org.springframework.beans.factory.BeanCreationException: Error creating bean with name 'courseRepository' defined in ELearning.Portal.Repository.CourseRepository defined in @EnableJpaRepositories declared on JpaRepositoriesRegistrar.EnableJpaRepositoriesConfiguration: Invocation of init method failed; nested exception is org.springframework.data.repository.query.QueryCreationException: Could not create query for public abstract java.util.List ELearning.Portal.Repository.CourseRepository.findAllByProfessor(ELearning.Portal.Model.Professor); Reason: Failed to create query for method public abstract java.util.List ELearning.Portal.Repository.CourseRepository.findAllByProfessor(ELearning.Portal.Model.Professor)! No property 'professor' found for type 'Course'; nested exception is java.lang.IllegalArgumentException: Failed to create query for method public abstract java.util.List ELearning.Portal.Repository.CourseRepository.findAllByProfessor(ELearning.Portal.Model.Professor)! No property 'professor' found for type 'Course'
Caused by: org.springframework.beans.factory.UnsatisfiedDependencyException: Error creating bean with name 'courseServiceImpl' defined in file [C:\Users\97433\Downloads\Portal\target\classes\ELearning\Portal\Service\Impl\CourseServiceImpl.class]: Unsatisfied dependency expressed through constructor parameter 0; nested exception is org.springframework.beans.factory.BeanCreationException: Error creating bean with name 'courseRepository' defined in ELearning.Portal.Repository.CourseRepository defined in @EnableJpaRepositories declared on JpaRepositoriesRegistrar.EnableJpaRepositoriesConfiguration: Invocation of init method failed; nested exception is org.springframework.data.repository.query.QueryCreationException: Could not create query for public abstract java.util.List ELearning.Portal.Repository.CourseRepository.findAllByProfessor(ELearning.Portal.Model.Professor); Reason: Failed to create query for method public abstract java.util.List ELearning.Portal.Repository.CourseRepository.findAllByProfessor(ELearning.Portal.Model.Professor)! No property 'professor' found for type 'Course'; nested exception is java.lang.IllegalArgumentException: Failed to create query for method public abstract java.util.List ELearning.Portal.Repository.CourseRepository.findAllByProfessor(ELearning.Portal.Model.Professor)! No property 'professor' found for type 'Course'
Caused by: org.springframework.beans.factory.BeanCreationException: Error creating bean with name 'courseRepository' defined in ELearning.Portal.Repository.CourseRepository defined in @EnableJpaRepositories declared on JpaRepositoriesRegistrar.EnableJpaRepositoriesConfiguration: Invocation of init method failed; nested exception is org.springframework.data.repository.query.QueryCreationException: Could not create query for public abstract java.util.List ELearning.Portal.Repository.CourseRepository.findAllByProfessor(ELearning.Portal.Model.Professor); Reason: Failed to create query for method public abstract java.util.List ELearning.Portal.Repository.CourseRepository.findAllByProfessor(ELearning.Portal.Model.Professor)! No property 'professor' found for type 'Course'; nested exception is java.lang.IllegalArgumentException: Failed to create query for method public abstract java.util.List ELearning.Portal.Repository.CourseRepository.findAllByProfessor(ELearning.Portal.Model.Professor)! No property 'professor' found for type 'Course'
Caused by: org.springframework.data.repository.query.QueryCreationException: Could not create query for public abstract java.util.List ELearning.Portal.Repository.CourseRepository.findAllByProfessor(ELearning.Portal.Model.Professor); Reason: Failed to create query for method public abstract java.util.List ELearning.Portal.Repository.CourseRepository.findAllByProfessor(ELearning.Portal.Model.Professor)! No property 'professor' found for type 'Course'; nested exception is java.lang.IllegalArgumentException: Failed to create query for method public abstract java.util.List ELearning.Portal.Repository.CourseRepository.findAllByProfessor(ELearning.Portal.Model.Professor)! No property 'professor' found for type 'Course'
Caused by: java.lang.IllegalArgumentException: Failed to create query for method public abstract java.util.List ELearning.Portal.Repository.CourseRepository.findAllByProfessor(ELearning.Portal.Model.Professor)! No property 'professor' found for type 'Course'
Caused by: org.springframework.data.mapping.PropertyReferenceException: No property 'professor' found for type 'Course'

